  Game.cpp
d:\programacion de graficos i\proggraf1-tp2-abecasis\trabajopractico-2\ingame\game.cpp(15): warning C4326: el tipo de valor devuelto de 'main' debe ser 'int' en lugar de 'void'
  InGame.vcxproj -> D:\Programacion de Graficos I\ProgGraf1-TP2-Abecasis\TrabajoPractico-2\Debug\InGame.exe
  D:\Programacion de Graficos I\ProgGraf1-TP2-Abecasis\TrabajoPractico-2\SFML\x86\SFML-2.4.2\bin\openal32.dll
  D:\Programacion de Graficos I\ProgGraf1-TP2-Abecasis\TrabajoPractico-2\SFML\x86\SFML-2.4.2\bin\sfml-audio-2.dll
  D:\Programacion de Graficos I\ProgGraf1-TP2-Abecasis\TrabajoPractico-2\SFML\x86\SFML-2.4.2\bin\sfml-audio-d-2.dll
  D:\Programacion de Graficos I\ProgGraf1-TP2-Abecasis\TrabajoPractico-2\SFML\x86\SFML-2.4.2\bin\sfml-graphics-2.dll
  D:\Programacion de Graficos I\ProgGraf1-TP2-Abecasis\TrabajoPractico-2\SFML\x86\SFML-2.4.2\bin\sfml-graphics-d-2.dll
  D:\Programacion de Graficos I\ProgGraf1-TP2-Abecasis\TrabajoPractico-2\SFML\x86\SFML-2.4.2\bin\sfml-network-2.dll
  D:\Programacion de Graficos I\ProgGraf1-TP2-Abecasis\TrabajoPractico-2\SFML\x86\SFML-2.4.2\bin\sfml-network-d-2.dll
  D:\Programacion de Graficos I\ProgGraf1-TP2-Abecasis\TrabajoPractico-2\SFML\x86\SFML-2.4.2\bin\sfml-system-2.dll
  D:\Programacion de Graficos I\ProgGraf1-TP2-Abecasis\TrabajoPractico-2\SFML\x86\SFML-2.4.2\bin\sfml-system-d-2.dll
  D:\Programacion de Graficos I\ProgGraf1-TP2-Abecasis\TrabajoPractico-2\SFML\x86\SFML-2.4.2\bin\sfml-window-2.dll
  D:\Programacion de Graficos I\ProgGraf1-TP2-Abecasis\TrabajoPractico-2\SFML\x86\SFML-2.4.2\bin\sfml-window-d-2.dll
         11 archivo(s) copiado(s).
  D:\Programacion de Graficos I\ProgGraf1-TP2-Abecasis\TrabajoPractico-2\Visual Leak Detector\bin\Win32\dbghelp.dll
  D:\Programacion de Graficos I\ProgGraf1-TP2-Abecasis\TrabajoPractico-2\Visual Leak Detector\bin\Win32\Microsoft.DTfW.DHL.manifest
  D:\Programacion de Graficos I\ProgGraf1-TP2-Abecasis\TrabajoPractico-2\Visual Leak Detector\bin\Win32\vld_x86.dll
  D:\Programacion de Graficos I\ProgGraf1-TP2-Abecasis\TrabajoPractico-2\Visual Leak Detector\bin\Win32\vld_x86.pdb
          4 archivo(s) copiado(s).
